C:\USERS\GIZMO_000\DOWNLOADS\DIRECTX\DIRECTX\RELEASE\MICROSOFT.WINDOWSAPICODEPACK.DIRECTX.PCH
C:\USERS\GIZMO_000\DOWNLOADS\DIRECTX\DIRECTX\RELEASE\STDAFX.OBJ
C:\USERS\GIZMO_000\DOWNLOADS\DIRECTX\DIRECTX\RELEASE\VC110.PDB
C:\USERS\GIZMO_000\DOWNLOADS\DIRECTX\DIRECTX\RELEASE\COMMONUTILS.OBJ
C:\USERS\GIZMO_000\DOWNLOADS\DIRECTX\DIRECTX\RELEASE\AUTOPOINTER.OBJ
C:\USERS\GIZMO_000\DOWNLOADS\DIRECTX\DIRECTX\RELEASE\AUTOIUNKNOWN.OBJ
C:\USERS\GIZMO_000\DOWNLOADS\DIRECTX\DIRECTX\RELEASE\DXGISWAPCHAIN.OBJ
C:\USERS\GIZMO_000\DOWNLOADS\DIRECTX\DIRECTX\RELEASE\DXGISURFACE1.OBJ
C:\USERS\GIZMO_000\DOWNLOADS\DIRECTX\DIRECTX\RELEASE\DXGISURFACE.OBJ
C:\USERS\GIZMO_000\DOWNLOADS\DIRECTX\DIRECTX\RELEASE\DXGISTRUCTS.OBJ
C:\USERS\GIZMO_000\DOWNLOADS\DIRECTX\DIRECTX\RELEASE\DXGIRESOURCE.OBJ
C:\USERS\GIZMO_000\DOWNLOADS\DIRECTX\DIRECTX\RELEASE\DXGIOUTPUT.OBJ
C:\USERS\GIZMO_000\DOWNLOADS\DIRECTX\DIRECTX\RELEASE\DXGIOBJECT.OBJ
C:\USERS\GIZMO_000\DOWNLOADS\DIRECTX\DIRECTX\RELEASE\DXGIKEYEDMUTEX.OBJ
C:\USERS\GIZMO_000\DOWNLOADS\DIRECTX\DIRECTX\RELEASE\DXGIFACTORY1.OBJ
C:\USERS\GIZMO_000\DOWNLOADS\DIRECTX\DIRECTX\RELEASE\DXGIFACTORY.OBJ
C:\USERS\GIZMO_000\DOWNLOADS\DIRECTX\DIRECTX\RELEASE\DXGIEXCEPTION.OBJ
C:\USERS\GIZMO_000\DOWNLOADS\DIRECTX\DIRECTX\RELEASE\DXGIDEVICESUBOBJECT.OBJ
C:\USERS\GIZMO_000\DOWNLOADS\DIRECTX\DIRECTX\RELEASE\DXGIDEVICE1.OBJ
C:\USERS\GIZMO_000\DOWNLOADS\DIRECTX\DIRECTX\RELEASE\DXGIDEVICE.OBJ
C:\USERS\GIZMO_000\DOWNLOADS\DIRECTX\DIRECTX\RELEASE\DXGIADAPTER1.OBJ
C:\USERS\GIZMO_000\DOWNLOADS\DIRECTX\DIRECTX\RELEASE\DXGIADAPTER.OBJ
C:\USERS\GIZMO_000\DOWNLOADS\DIRECTX\DIRECTX\RELEASE\ASSEMBLYINFO.OBJ
C:\USERS\GIZMO_000\DOWNLOADS\DIRECTX\DIRECTX\RELEASE\D3D10INPUTLAYOUT.OBJ
C:\USERS\GIZMO_000\DOWNLOADS\DIRECTX\DIRECTX\RELEASE\D3D10INFOQUEUE.OBJ
C:\USERS\GIZMO_000\DOWNLOADS\DIRECTX\DIRECTX\RELEASE\D3D10INCLUDE.OBJ
C:\USERS\GIZMO_000\DOWNLOADS\DIRECTX\DIRECTX\RELEASE\D3D10DEVICECHILD.OBJ
C:\USERS\GIZMO_000\DOWNLOADS\DIRECTX\DIRECTX\RELEASE\D3D10DEVICE1.OBJ
C:\USERS\GIZMO_000\DOWNLOADS\DIRECTX\DIRECTX\RELEASE\D3D10DEVICE.OBJ
C:\USERS\GIZMO_000\DOWNLOADS\DIRECTX\DIRECTX\RELEASE\D3D10DEPTHSTENCILSTATE.OBJ
C:\USERS\GIZMO_000\DOWNLOADS\DIRECTX\DIRECTX\RELEASE\D3D10DEBUG.OBJ
C:\USERS\GIZMO_000\DOWNLOADS\DIRECTX\DIRECTX\RELEASE\D3D10COUNTER.OBJ
C:\USERS\GIZMO_000\DOWNLOADS\DIRECTX\DIRECTX\RELEASE\D3D10BLOB.OBJ
C:\USERS\GIZMO_000\DOWNLOADS\DIRECTX\DIRECTX\RELEASE\D3D10BLENDSTATE1.OBJ
C:\USERS\GIZMO_000\DOWNLOADS\DIRECTX\DIRECTX\RELEASE\D3D10BLENDSTATE.OBJ
C:\USERS\GIZMO_000\DOWNLOADS\DIRECTX\DIRECTX\RELEASE\D3D10ASYNCHRONOUS.OBJ
C:\USERS\GIZMO_000\DOWNLOADS\DIRECTX\DIRECTX\RELEASE\D3D10STRUCTS.OBJ
C:\USERS\GIZMO_000\DOWNLOADS\DIRECTX\DIRECTX\RELEASE\VALIDATE.OBJ
C:\USERS\GIZMO_000\DOWNLOADS\DIRECTX\DIRECTX\RELEASE\LIBRARYLOADER.OBJ
C:\USERS\GIZMO_000\DOWNLOADS\DIRECTX\DIRECTX\RELEASE\DIRECTUNKNOWN.OBJ
C:\USERS\GIZMO_000\DOWNLOADS\DIRECTX\DIRECTX\RELEASE\DIRECTOBJECT.OBJ
C:\USERS\GIZMO_000\DOWNLOADS\DIRECTX\DIRECTX\RELEASE\DIRECTHELPERS.OBJ
C:\USERS\GIZMO_000\DOWNLOADS\DIRECTX\DIRECTX\RELEASE\CONVERT.OBJ
C:\USERS\GIZMO_000\DOWNLOADS\DIRECTX\DIRECTX\RELEASE\D3D10RESOURCE.OBJ
C:\USERS\GIZMO_000\DOWNLOADS\DIRECTX\DIRECTX\RELEASE\D3D10RENDERTARGETVIEW.OBJ
C:\USERS\GIZMO_000\DOWNLOADS\DIRECTX\DIRECTX\RELEASE\D3D10DEPTHSTENCILVIEW.OBJ
C:\USERS\GIZMO_000\DOWNLOADS\DIRECTX\DIRECTX\RELEASE\D3D10BUFFER.OBJ
C:\USERS\GIZMO_000\DOWNLOADS\DIRECTX\DIRECTX\RELEASE\D3D10VERTEXSHADERPIPELINESTAGE.OBJ
C:\USERS\GIZMO_000\DOWNLOADS\DIRECTX\DIRECTX\RELEASE\D3D10STREAMOUTPUTPIPELINESTAGE.OBJ
C:\USERS\GIZMO_000\DOWNLOADS\DIRECTX\DIRECTX\RELEASE\D3D10RASTERIZERPIPELINESTAGE.OBJ
C:\USERS\GIZMO_000\DOWNLOADS\DIRECTX\DIRECTX\RELEASE\D3D10PIXELSHADERPIPELINESTAGE.OBJ
C:\USERS\GIZMO_000\DOWNLOADS\DIRECTX\DIRECTX\RELEASE\D3D10PIPELINESTAGE.OBJ
C:\USERS\GIZMO_000\DOWNLOADS\DIRECTX\DIRECTX\RELEASE\D3D10OUTPUTMERGERPIPELINESTAGE.OBJ
C:\USERS\GIZMO_000\DOWNLOADS\DIRECTX\DIRECTX\RELEASE\D3D10INPUTASSEMBLERPIPELINESTAGE.OBJ
C:\USERS\GIZMO_000\DOWNLOADS\DIRECTX\DIRECTX\RELEASE\D3D10GEOMETRYSHADERPIPELINESTAGE.OBJ
C:\USERS\GIZMO_000\DOWNLOADS\DIRECTX\DIRECTX\RELEASE\D3D10SWITCHTOREF.OBJ
C:\USERS\GIZMO_000\DOWNLOADS\DIRECTX\DIRECTX\RELEASE\D3D10STATEBLOCKMASK.OBJ
C:\USERS\GIZMO_000\DOWNLOADS\DIRECTX\DIRECTX\RELEASE\D3D10STATEBLOCK.OBJ
C:\USERS\GIZMO_000\DOWNLOADS\DIRECTX\DIRECTX\RELEASE\D3D10SAMPLERSTATE.OBJ
C:\USERS\GIZMO_000\DOWNLOADS\DIRECTX\DIRECTX\RELEASE\D3D10RASTERIZERSTATE.OBJ
C:\USERS\GIZMO_000\DOWNLOADS\DIRECTX\DIRECTX\RELEASE\D3D10QUERY.OBJ
C:\USERS\GIZMO_000\DOWNLOADS\DIRECTX\DIRECTX\RELEASE\D3D10PREDICATE.OBJ
C:\USERS\GIZMO_000\DOWNLOADS\DIRECTX\DIRECTX\RELEASE\D3D10MULTITHREAD.OBJ
C:\USERS\GIZMO_000\DOWNLOADS\DIRECTX\DIRECTX\RELEASE\D3D10EFFECTMATRIXVARIABLE.OBJ
C:\USERS\GIZMO_000\DOWNLOADS\DIRECTX\DIRECTX\RELEASE\D3D10EFFECTDEPTHSTENCILVIEWVARIABLE.OBJ
C:\USERS\GIZMO_000\DOWNLOADS\DIRECTX\DIRECTX\RELEASE\D3D10EFFECTDEPTHSTENCILVARIABLE.OBJ
C:\USERS\GIZMO_000\DOWNLOADS\DIRECTX\DIRECTX\RELEASE\D3D10EFFECTCONSTANTBUFFER.OBJ
C:\USERS\GIZMO_000\DOWNLOADS\DIRECTX\DIRECTX\RELEASE\D3D10EFFECTBLENDVARIABLE.OBJ
C:\USERS\GIZMO_000\DOWNLOADS\DIRECTX\DIRECTX\RELEASE\D3D10EFFECT.OBJ
C:\USERS\GIZMO_000\DOWNLOADS\DIRECTX\DIRECTX\RELEASE\D3D10VERTEXSHADER.OBJ
C:\USERS\GIZMO_000\DOWNLOADS\DIRECTX\DIRECTX\RELEASE\D3D10SHADERREFLECTIONVARIABLE.OBJ
C:\USERS\GIZMO_000\DOWNLOADS\DIRECTX\DIRECTX\RELEASE\D3D10SHADERREFLECTIONTYPE.OBJ
C:\USERS\GIZMO_000\DOWNLOADS\DIRECTX\DIRECTX\RELEASE\D3D10SHADERREFLECTIONCONSTANTBUFFER.OBJ
C:\USERS\GIZMO_000\DOWNLOADS\DIRECTX\DIRECTX\RELEASE\D3D10SHADERREFLECTION1.OBJ
C:\USERS\GIZMO_000\DOWNLOADS\DIRECTX\DIRECTX\RELEASE\D3D10SHADERREFLECTION.OBJ
C:\USERS\GIZMO_000\DOWNLOADS\DIRECTX\DIRECTX\RELEASE\D3D10PIXELSHADER.OBJ
C:\USERS\GIZMO_000\DOWNLOADS\DIRECTX\DIRECTX\RELEASE\D3D10GEOMETRYSHADER.OBJ
C:\USERS\GIZMO_000\DOWNLOADS\DIRECTX\DIRECTX\RELEASE\D3D10VIEW.OBJ
C:\USERS\GIZMO_000\DOWNLOADS\DIRECTX\DIRECTX\RELEASE\D3D10TEXTURE3D.OBJ
C:\USERS\GIZMO_000\DOWNLOADS\DIRECTX\DIRECTX\RELEASE\D3D10TEXTURE2D.OBJ
C:\USERS\GIZMO_000\DOWNLOADS\DIRECTX\DIRECTX\RELEASE\D3D10TEXTURE1D.OBJ
C:\USERS\GIZMO_000\DOWNLOADS\DIRECTX\DIRECTX\RELEASE\D3D10SHADERRESOURCEVIEW1.OBJ
C:\USERS\GIZMO_000\DOWNLOADS\DIRECTX\DIRECTX\RELEASE\D3D10SHADERRESOURCEVIEW.OBJ
C:\USERS\GIZMO_000\DOWNLOADS\DIRECTX\DIRECTX\RELEASE\D3D11DEVICECHILD.OBJ
C:\USERS\GIZMO_000\DOWNLOADS\DIRECTX\DIRECTX\RELEASE\D3D11DEVICE.OBJ
C:\USERS\GIZMO_000\DOWNLOADS\DIRECTX\DIRECTX\RELEASE\D3D11DEPTHSTENCILSTATE.OBJ
C:\USERS\GIZMO_000\DOWNLOADS\DIRECTX\DIRECTX\RELEASE\D3D11COUNTER.OBJ
C:\USERS\GIZMO_000\DOWNLOADS\DIRECTX\DIRECTX\RELEASE\D3D11COMMANDLIST.OBJ
C:\USERS\GIZMO_000\DOWNLOADS\DIRECTX\DIRECTX\RELEASE\D3D11BLENDSTATE.OBJ
C:\USERS\GIZMO_000\DOWNLOADS\DIRECTX\DIRECTX\RELEASE\D3D11ASYNCHRONOUS.OBJ
C:\USERS\GIZMO_000\DOWNLOADS\DIRECTX\DIRECTX\RELEASE\D3D10EFFECTVECTORVARIABLE.OBJ
C:\USERS\GIZMO_000\DOWNLOADS\DIRECTX\DIRECTX\RELEASE\D3D10EFFECTVARIABLE.OBJ
C:\USERS\GIZMO_000\DOWNLOADS\DIRECTX\DIRECTX\RELEASE\D3D10EFFECTTYPE.OBJ
C:\USERS\GIZMO_000\DOWNLOADS\DIRECTX\DIRECTX\RELEASE\D3D10EFFECTTECHNIQUE.OBJ
C:\USERS\GIZMO_000\DOWNLOADS\DIRECTX\DIRECTX\RELEASE\D3D10EFFECTSTRINGVARIABLE.OBJ
C:\USERS\GIZMO_000\DOWNLOADS\DIRECTX\DIRECTX\RELEASE\D3D10EFFECTSHADERVARIABLE.OBJ
C:\USERS\GIZMO_000\DOWNLOADS\DIRECTX\DIRECTX\RELEASE\D3D10EFFECTSHADERRESOURCEVARIABLE.OBJ
C:\USERS\GIZMO_000\DOWNLOADS\DIRECTX\DIRECTX\RELEASE\D3D10EFFECTSCALARVARIABLE.OBJ
C:\USERS\GIZMO_000\DOWNLOADS\DIRECTX\DIRECTX\RELEASE\D3D10EFFECTSAMPLERVARIABLE.OBJ
C:\USERS\GIZMO_000\DOWNLOADS\DIRECTX\DIRECTX\RELEASE\D3D10EFFECTRENDERTARGETVIEWVARIABLE.OBJ
C:\USERS\GIZMO_000\DOWNLOADS\DIRECTX\DIRECTX\RELEASE\D3D10EFFECTRASTERIZERVARIABLE.OBJ
C:\USERS\GIZMO_000\DOWNLOADS\DIRECTX\DIRECTX\RELEASE\D3D10EFFECTPOOL.OBJ
C:\USERS\GIZMO_000\DOWNLOADS\DIRECTX\DIRECTX\RELEASE\D3D10EFFECTPASS.OBJ
C:\USERS\GIZMO_000\DOWNLOADS\DIRECTX\DIRECTX\RELEASE\D3D11SWITCHTOREF.OBJ
C:\USERS\GIZMO_000\DOWNLOADS\DIRECTX\DIRECTX\RELEASE\D3D11INFOQUEUE.OBJ
C:\USERS\GIZMO_000\DOWNLOADS\DIRECTX\DIRECTX\RELEASE\D3D11DEBUG.OBJ
C:\USERS\GIZMO_000\DOWNLOADS\DIRECTX\DIRECTX\RELEASE\D3D11VERTEXSHADERPIPELINESTAGE.OBJ
C:\USERS\GIZMO_000\DOWNLOADS\DIRECTX\DIRECTX\RELEASE\D3D11STREAMOUTPUTPIPELINESTAGE.OBJ
C:\USERS\GIZMO_000\DOWNLOADS\DIRECTX\DIRECTX\RELEASE\D3D11RASTERIZERPIPELINESTAGE.OBJ
C:\USERS\GIZMO_000\DOWNLOADS\DIRECTX\DIRECTX\RELEASE\D3D11PIXELSHADERPIPELINESTAGE.OBJ
C:\USERS\GIZMO_000\DOWNLOADS\DIRECTX\DIRECTX\RELEASE\D3D11PIPELINESTAGE.OBJ
C:\USERS\GIZMO_000\DOWNLOADS\DIRECTX\DIRECTX\RELEASE\D3D11OUTPUTMERGERPIPELINESTAGE.OBJ
C:\USERS\GIZMO_000\DOWNLOADS\DIRECTX\DIRECTX\RELEASE\D3D11INPUTASSEMBLERPIPELINESTAGE.OBJ
C:\USERS\GIZMO_000\DOWNLOADS\DIRECTX\DIRECTX\RELEASE\D3D11HULLSHADERPIPELINESTAGE.OBJ
C:\USERS\GIZMO_000\DOWNLOADS\DIRECTX\DIRECTX\RELEASE\D3D11GEOMETRYSHADERPIPELINESTAGE.OBJ
C:\USERS\GIZMO_000\DOWNLOADS\DIRECTX\DIRECTX\RELEASE\D3D11DOMAINSHADERPIPELINESTAGE.OBJ
C:\USERS\GIZMO_000\DOWNLOADS\DIRECTX\DIRECTX\RELEASE\D3D11COMPUTESHADERPIPELINESTAGE.OBJ
C:\USERS\GIZMO_000\DOWNLOADS\DIRECTX\DIRECTX\RELEASE\D3D11SAMPLERSTATE.OBJ
C:\USERS\GIZMO_000\DOWNLOADS\DIRECTX\DIRECTX\RELEASE\D3D11RASTERIZERSTATE.OBJ
C:\USERS\GIZMO_000\DOWNLOADS\DIRECTX\DIRECTX\RELEASE\D3D11QUERY.OBJ
C:\USERS\GIZMO_000\DOWNLOADS\DIRECTX\DIRECTX\RELEASE\D3D11PREDICATE.OBJ
C:\USERS\GIZMO_000\DOWNLOADS\DIRECTX\DIRECTX\RELEASE\D3D11INPUTLAYOUT.OBJ
C:\USERS\GIZMO_000\DOWNLOADS\DIRECTX\DIRECTX\RELEASE\D3D11DEVICECONTEXT.OBJ
C:\USERS\GIZMO_000\DOWNLOADS\DIRECTX\DIRECTX\RELEASE\D2DGEOMETRYSINK.OBJ
C:\USERS\GIZMO_000\DOWNLOADS\DIRECTX\DIRECTX\RELEASE\D2DCUSTOM.OBJ
C:\USERS\GIZMO_000\DOWNLOADS\DIRECTX\DIRECTX\RELEASE\D3D11VIEW.OBJ
C:\USERS\GIZMO_000\DOWNLOADS\DIRECTX\DIRECTX\RELEASE\D3D11UNORDEREDACCESSVIEW.OBJ
C:\USERS\GIZMO_000\DOWNLOADS\DIRECTX\DIRECTX\RELEASE\D3D11TEXTURE3D.OBJ
C:\USERS\GIZMO_000\DOWNLOADS\DIRECTX\DIRECTX\RELEASE\D3D11TEXTURE2D.OBJ
C:\USERS\GIZMO_000\DOWNLOADS\DIRECTX\DIRECTX\RELEASE\D3D11TEXTURE1D.OBJ
C:\USERS\GIZMO_000\DOWNLOADS\DIRECTX\DIRECTX\RELEASE\D3D11SHADERRESOURCEVIEW.OBJ
C:\USERS\GIZMO_000\DOWNLOADS\DIRECTX\DIRECTX\RELEASE\D3D11RESOURCE.OBJ
C:\USERS\GIZMO_000\DOWNLOADS\DIRECTX\DIRECTX\RELEASE\D3D11RENDERTARGETVIEW.OBJ
C:\USERS\GIZMO_000\DOWNLOADS\DIRECTX\DIRECTX\RELEASE\D3D11DEPTHSTENCILVIEW.OBJ
C:\USERS\GIZMO_000\DOWNLOADS\DIRECTX\DIRECTX\RELEASE\D3D11BUFFER.OBJ
C:\USERS\GIZMO_000\DOWNLOADS\DIRECTX\DIRECTX\RELEASE\D3D11VERTEXSHADER.OBJ
C:\USERS\GIZMO_000\DOWNLOADS\DIRECTX\DIRECTX\RELEASE\D3D11PIXELSHADER.OBJ
C:\USERS\GIZMO_000\DOWNLOADS\DIRECTX\DIRECTX\RELEASE\D3D11HULLSHADER.OBJ
C:\USERS\GIZMO_000\DOWNLOADS\DIRECTX\DIRECTX\RELEASE\D3D11GEOMETRYSHADER.OBJ
C:\USERS\GIZMO_000\DOWNLOADS\DIRECTX\DIRECTX\RELEASE\D3D11DOMAINSHADER.OBJ
C:\USERS\GIZMO_000\DOWNLOADS\DIRECTX\DIRECTX\RELEASE\D3D11COMPUTESHADER.OBJ
C:\USERS\GIZMO_000\DOWNLOADS\DIRECTX\DIRECTX\RELEASE\D3D11CLASSLINKAGE.OBJ
C:\USERS\GIZMO_000\DOWNLOADS\DIRECTX\DIRECTX\RELEASE\D3D11CLASSINSTANCE.OBJ
C:\USERS\GIZMO_000\DOWNLOADS\DIRECTX\DIRECTX\RELEASE\DWRITETEXTFORMAT.OBJ
C:\USERS\GIZMO_000\DOWNLOADS\DIRECTX\DIRECTX\RELEASE\DWRITESTRUCTS.OBJ
C:\USERS\GIZMO_000\DOWNLOADS\DIRECTX\DIRECTX\RELEASE\DWRITERENDERINGPARAMS.OBJ
C:\USERS\GIZMO_000\DOWNLOADS\DIRECTX\DIRECTX\RELEASE\DWRITEINLINEOBJECT.OBJ
C:\USERS\GIZMO_000\DOWNLOADS\DIRECTX\DIRECTX\RELEASE\DWRITEFONTFAMILYCOLLECTION.OBJ
C:\USERS\GIZMO_000\DOWNLOADS\DIRECTX\DIRECTX\RELEASE\DWRITEFONTFAMILY.OBJ
C:\USERS\GIZMO_000\DOWNLOADS\DIRECTX\DIRECTX\RELEASE\DWRITEFONTFACE.OBJ
C:\USERS\GIZMO_000\DOWNLOADS\DIRECTX\DIRECTX\RELEASE\DWRITEFONT.OBJ
C:\USERS\GIZMO_000\DOWNLOADS\DIRECTX\DIRECTX\RELEASE\DWRITEFACTORY.OBJ
C:\USERS\GIZMO_000\DOWNLOADS\DIRECTX\DIRECTX\RELEASE\WICSTREAMWRAPPER.OBJ
C:\USERS\GIZMO_000\DOWNLOADS\DIRECTX\DIRECTX\RELEASE\WICIMAGINGFACTORY.OBJ
C:\USERS\GIZMO_000\DOWNLOADS\DIRECTX\DIRECTX\RELEASE\WICFORMATCONVERTER.OBJ
C:\USERS\GIZMO_000\DOWNLOADS\DIRECTX\DIRECTX\RELEASE\WICBITMAPSOURCE.OBJ
C:\USERS\GIZMO_000\DOWNLOADS\DIRECTX\DIRECTX\RELEASE\WICBITMAPLOCK.OBJ
C:\USERS\GIZMO_000\DOWNLOADS\DIRECTX\DIRECTX\RELEASE\WICBITMAPFRAMEDECODE.OBJ
C:\USERS\GIZMO_000\DOWNLOADS\DIRECTX\DIRECTX\RELEASE\WICBITMAPDECODER.OBJ
C:\USERS\GIZMO_000\DOWNLOADS\DIRECTX\DIRECTX\RELEASE\WICBITMAP.OBJ
C:\USERS\GIZMO_000\DOWNLOADS\DIRECTX\DIRECTX\RELEASE\D2DTESSELLATIONSINK.OBJ
C:\USERS\GIZMO_000\DOWNLOADS\DIRECTX\DIRECTX\RELEASE\D2DSTRUCTS.OBJ
C:\USERS\GIZMO_000\DOWNLOADS\DIRECTX\DIRECTX\RELEASE\D2DINTERFACES.OBJ
C:\USERS\GIZMO_000\DOWNLOADS\DIRECTX\DIRECTX\RELEASE\DIRECT3DEXCEPTION.OBJ
C:\USERS\GIZMO_000\DOWNLOADS\DIRECTX\DIRECTX\RELEASE\ICUSTOMINLINEOBJECT.OBJ
C:\USERS\GIZMO_000\DOWNLOADS\DIRECTX\DIRECTX\RELEASE\DWRITEUTILS.OBJ
C:\USERS\GIZMO_000\DOWNLOADS\DIRECTX\DIRECTX\RELEASE\DWRITETYPOGRAPHY.OBJ
C:\USERS\GIZMO_000\DOWNLOADS\DIRECTX\DIRECTX\RELEASE\DWRITETEXTLAYOUT.OBJ
C:\USERS\GIZMO_000\DOWNLOADS\DIRECTX\DIRECTX\RELEASE\GLOBALSUPPRESSIONS.OBJ
C:\USERS\GIZMO_000\DOWNLOADS\DIRECTX\DIRECTX\RELEASE\.NETFRAMEWORK,VERSION=V4.0.ASSEMBLYATTRIBUTES.OBJ
C:\USERS\GIZMO_000\DOWNLOADS\DIRECTX\RELEASE\MICROSOFT.WINDOWSAPICODEPACK.DIRECTX.DLL
C:\USERS\GIZMO_000\DOWNLOADS\DIRECTX\RELEASE\MICROSOFT.WINDOWSAPICODEPACK.DIRECTX.PDB
C:\Users\gizmo_000\Downloads\DirectX\DirectX\Release\DirectX.vcxprojResolveAssemblyReference.cache
C:\Users\gizmo_000\Downloads\DirectX\DirectX\Release\.NETFramework,Version=v4.0.AssemblyAttributes.obj
C:\Users\gizmo_000\Downloads\DirectX\DirectX\Release\AssemblyInfo.obj
C:\Users\gizmo_000\Downloads\DirectX\DirectX\Release\AutoIUnknown.obj
C:\Users\gizmo_000\Downloads\DirectX\DirectX\Release\AutoPointer.obj
C:\Users\gizmo_000\Downloads\DirectX\DirectX\Release\CommonUtils.obj
C:\Users\gizmo_000\Downloads\DirectX\DirectX\Release\Convert.obj
C:\Users\gizmo_000\Downloads\DirectX\DirectX\Release\D2DCustom.obj
C:\Users\gizmo_000\Downloads\DirectX\DirectX\Release\D2DGeometrySink.obj
C:\Users\gizmo_000\Downloads\DirectX\DirectX\Release\D2DInterfaces.obj
C:\Users\gizmo_000\Downloads\DirectX\DirectX\Release\D2DStructs.obj
C:\Users\gizmo_000\Downloads\DirectX\DirectX\Release\D2DTessellationSink.obj
C:\Users\gizmo_000\Downloads\DirectX\DirectX\Release\D3D10Asynchronous.obj
C:\Users\gizmo_000\Downloads\DirectX\DirectX\Release\D3D10BlendState.obj
C:\Users\gizmo_000\Downloads\DirectX\DirectX\Release\D3D10BlendState1.obj
C:\Users\gizmo_000\Downloads\DirectX\DirectX\Release\D3D10Blob.obj
C:\Users\gizmo_000\Downloads\DirectX\DirectX\Release\D3D10Buffer.obj
C:\Users\gizmo_000\Downloads\DirectX\DirectX\Release\D3D10Counter.obj
C:\Users\gizmo_000\Downloads\DirectX\DirectX\Release\D3D10Debug.obj
C:\Users\gizmo_000\Downloads\DirectX\DirectX\Release\D3D10DepthStencilState.obj
C:\Users\gizmo_000\Downloads\DirectX\DirectX\Release\D3D10DepthStencilView.obj
C:\Users\gizmo_000\Downloads\DirectX\DirectX\Release\D3D10Device.obj
C:\Users\gizmo_000\Downloads\DirectX\DirectX\Release\D3D10Device1.obj
C:\Users\gizmo_000\Downloads\DirectX\DirectX\Release\D3D10DeviceChild.obj
C:\Users\gizmo_000\Downloads\DirectX\DirectX\Release\D3D10Effect.obj
C:\Users\gizmo_000\Downloads\DirectX\DirectX\Release\D3D10EffectBlendVariable.obj
C:\Users\gizmo_000\Downloads\DirectX\DirectX\Release\D3D10EffectConstantBuffer.obj
C:\Users\gizmo_000\Downloads\DirectX\DirectX\Release\D3D10EffectDepthStencilVariable.obj
C:\Users\gizmo_000\Downloads\DirectX\DirectX\Release\D3D10EffectDepthStencilViewVariable.obj
C:\Users\gizmo_000\Downloads\DirectX\DirectX\Release\D3D10EffectMatrixVariable.obj
C:\Users\gizmo_000\Downloads\DirectX\DirectX\Release\D3D10EffectPass.obj
C:\Users\gizmo_000\Downloads\DirectX\DirectX\Release\D3D10EffectPool.obj
C:\Users\gizmo_000\Downloads\DirectX\DirectX\Release\D3D10EffectRasterizerVariable.obj
C:\Users\gizmo_000\Downloads\DirectX\DirectX\Release\D3D10EffectRenderTargetViewVariable.obj
C:\Users\gizmo_000\Downloads\DirectX\DirectX\Release\D3D10EffectSamplerVariable.obj
C:\Users\gizmo_000\Downloads\DirectX\DirectX\Release\D3D10EffectScalarVariable.obj
C:\Users\gizmo_000\Downloads\DirectX\DirectX\Release\D3D10EffectShaderResourceVariable.obj
C:\Users\gizmo_000\Downloads\DirectX\DirectX\Release\D3D10EffectShaderVariable.obj
C:\Users\gizmo_000\Downloads\DirectX\DirectX\Release\D3D10EffectStringVariable.obj
C:\Users\gizmo_000\Downloads\DirectX\DirectX\Release\D3D10EffectTechnique.obj
C:\Users\gizmo_000\Downloads\DirectX\DirectX\Release\D3D10EffectType.obj
C:\Users\gizmo_000\Downloads\DirectX\DirectX\Release\D3D10EffectVariable.obj
C:\Users\gizmo_000\Downloads\DirectX\DirectX\Release\D3D10EffectVectorVariable.obj
C:\Users\gizmo_000\Downloads\DirectX\DirectX\Release\D3D10GeometryShader.obj
C:\Users\gizmo_000\Downloads\DirectX\DirectX\Release\D3D10GeometryShaderPipelineStage.obj
C:\Users\gizmo_000\Downloads\DirectX\DirectX\Release\D3D10Include.obj
C:\Users\gizmo_000\Downloads\DirectX\DirectX\Release\D3D10InfoQueue.obj
C:\Users\gizmo_000\Downloads\DirectX\DirectX\Release\D3D10InputAssemblerPipelineStage.obj
C:\Users\gizmo_000\Downloads\DirectX\DirectX\Release\D3D10InputLayout.obj
C:\Users\gizmo_000\Downloads\DirectX\DirectX\Release\D3D10Multithread.obj
C:\Users\gizmo_000\Downloads\DirectX\DirectX\Release\D3D10OutputMergerPipelineStage.obj
C:\Users\gizmo_000\Downloads\DirectX\DirectX\Release\D3D10PipelineStage.obj
C:\Users\gizmo_000\Downloads\DirectX\DirectX\Release\D3D10PixelShader.obj
C:\Users\gizmo_000\Downloads\DirectX\DirectX\Release\D3D10PixelShaderPipelineStage.obj
C:\Users\gizmo_000\Downloads\DirectX\DirectX\Release\D3D10Predicate.obj
C:\Users\gizmo_000\Downloads\DirectX\DirectX\Release\D3D10Query.obj
C:\Users\gizmo_000\Downloads\DirectX\DirectX\Release\D3D10RasterizerPipelineStage.obj
C:\Users\gizmo_000\Downloads\DirectX\DirectX\Release\D3D10RasterizerState.obj
C:\Users\gizmo_000\Downloads\DirectX\DirectX\Release\D3D10RenderTargetView.obj
C:\Users\gizmo_000\Downloads\DirectX\DirectX\Release\D3D10Resource.obj
C:\Users\gizmo_000\Downloads\DirectX\DirectX\Release\D3D10SamplerState.obj
C:\Users\gizmo_000\Downloads\DirectX\DirectX\Release\D3D10ShaderReflection.obj
C:\Users\gizmo_000\Downloads\DirectX\DirectX\Release\D3D10ShaderReflection1.obj
C:\Users\gizmo_000\Downloads\DirectX\DirectX\Release\D3D10ShaderReflectionConstantBuffer.obj
C:\Users\gizmo_000\Downloads\DirectX\DirectX\Release\D3D10ShaderReflectionType.obj
C:\Users\gizmo_000\Downloads\DirectX\DirectX\Release\D3D10ShaderReflectionVariable.obj
C:\Users\gizmo_000\Downloads\DirectX\DirectX\Release\D3D10ShaderResourceView.obj
C:\Users\gizmo_000\Downloads\DirectX\DirectX\Release\D3D10ShaderResourceView1.obj
C:\Users\gizmo_000\Downloads\DirectX\DirectX\Release\D3D10StateBlock.obj
C:\Users\gizmo_000\Downloads\DirectX\DirectX\Release\D3D10StateBlockMask.obj
C:\Users\gizmo_000\Downloads\DirectX\DirectX\Release\D3D10StreamOutputPipelineStage.obj
C:\Users\gizmo_000\Downloads\DirectX\DirectX\Release\D3D10Structs.obj
C:\Users\gizmo_000\Downloads\DirectX\DirectX\Release\D3D10SwitchToRef.obj
C:\Users\gizmo_000\Downloads\DirectX\DirectX\Release\D3D10Texture1D.obj
C:\Users\gizmo_000\Downloads\DirectX\DirectX\Release\D3D10Texture2D.obj
C:\Users\gizmo_000\Downloads\DirectX\DirectX\Release\D3D10Texture3D.obj
C:\Users\gizmo_000\Downloads\DirectX\DirectX\Release\D3D10VertexShader.obj
C:\Users\gizmo_000\Downloads\DirectX\DirectX\Release\D3D10VertexShaderPipelineStage.obj
C:\Users\gizmo_000\Downloads\DirectX\DirectX\Release\D3D10View.obj
C:\Users\gizmo_000\Downloads\DirectX\DirectX\Release\D3D11Asynchronous.obj
C:\Users\gizmo_000\Downloads\DirectX\DirectX\Release\D3D11BlendState.obj
C:\Users\gizmo_000\Downloads\DirectX\DirectX\Release\D3D11Buffer.obj
C:\Users\gizmo_000\Downloads\DirectX\DirectX\Release\D3D11ClassInstance.obj
C:\Users\gizmo_000\Downloads\DirectX\DirectX\Release\D3D11ClassLinkage.obj
C:\Users\gizmo_000\Downloads\DirectX\DirectX\Release\D3D11CommandList.obj
C:\Users\gizmo_000\Downloads\DirectX\DirectX\Release\D3D11ComputeShader.obj
C:\Users\gizmo_000\Downloads\DirectX\DirectX\Release\D3D11ComputeShaderPipelineStage.obj
C:\Users\gizmo_000\Downloads\DirectX\DirectX\Release\D3D11Counter.obj
C:\Users\gizmo_000\Downloads\DirectX\DirectX\Release\D3D11Debug.obj
C:\Users\gizmo_000\Downloads\DirectX\DirectX\Release\D3D11DepthStencilState.obj
C:\Users\gizmo_000\Downloads\DirectX\DirectX\Release\D3D11DepthStencilView.obj
C:\Users\gizmo_000\Downloads\DirectX\DirectX\Release\D3D11Device.obj
C:\Users\gizmo_000\Downloads\DirectX\DirectX\Release\D3D11DeviceChild.obj
C:\Users\gizmo_000\Downloads\DirectX\DirectX\Release\D3D11DeviceContext.obj
C:\Users\gizmo_000\Downloads\DirectX\DirectX\Release\D3D11DomainShader.obj
C:\Users\gizmo_000\Downloads\DirectX\DirectX\Release\D3D11DomainShaderPipelineStage.obj
C:\Users\gizmo_000\Downloads\DirectX\DirectX\Release\D3D11GeometryShader.obj
C:\Users\gizmo_000\Downloads\DirectX\DirectX\Release\D3D11GeometryShaderPipelineStage.obj
C:\Users\gizmo_000\Downloads\DirectX\DirectX\Release\D3D11HullShader.obj
C:\Users\gizmo_000\Downloads\DirectX\DirectX\Release\D3D11HullShaderPipelineStage.obj
C:\Users\gizmo_000\Downloads\DirectX\DirectX\Release\D3D11InfoQueue.obj
C:\Users\gizmo_000\Downloads\DirectX\DirectX\Release\D3D11InputAssemblerPipelineStage.obj
C:\Users\gizmo_000\Downloads\DirectX\DirectX\Release\D3D11InputLayout.obj
C:\Users\gizmo_000\Downloads\DirectX\DirectX\Release\D3D11OutputMergerPipelineStage.obj
C:\Users\gizmo_000\Downloads\DirectX\DirectX\Release\D3D11PipelineStage.obj
C:\Users\gizmo_000\Downloads\DirectX\DirectX\Release\D3D11PixelShader.obj
C:\Users\gizmo_000\Downloads\DirectX\DirectX\Release\D3D11PixelShaderPipelineStage.obj
C:\Users\gizmo_000\Downloads\DirectX\DirectX\Release\D3D11Predicate.obj
C:\Users\gizmo_000\Downloads\DirectX\DirectX\Release\D3D11Query.obj
C:\Users\gizmo_000\Downloads\DirectX\DirectX\Release\D3D11RasterizerPipelineStage.obj
C:\Users\gizmo_000\Downloads\DirectX\DirectX\Release\D3D11RasterizerState.obj
C:\Users\gizmo_000\Downloads\DirectX\DirectX\Release\D3D11RenderTargetView.obj
C:\Users\gizmo_000\Downloads\DirectX\DirectX\Release\D3D11Resource.obj
C:\Users\gizmo_000\Downloads\DirectX\DirectX\Release\D3D11SamplerState.obj
C:\Users\gizmo_000\Downloads\DirectX\DirectX\Release\D3D11ShaderResourceView.obj
C:\Users\gizmo_000\Downloads\DirectX\DirectX\Release\D3D11StreamOutputPipelineStage.obj
C:\Users\gizmo_000\Downloads\DirectX\DirectX\Release\D3D11SwitchToRef.obj
C:\Users\gizmo_000\Downloads\DirectX\DirectX\Release\D3D11Texture1D.obj
C:\Users\gizmo_000\Downloads\DirectX\DirectX\Release\D3D11Texture2D.obj
C:\Users\gizmo_000\Downloads\DirectX\DirectX\Release\D3D11Texture3D.obj
C:\Users\gizmo_000\Downloads\DirectX\DirectX\Release\D3D11UnorderedAccessView.obj
C:\Users\gizmo_000\Downloads\DirectX\DirectX\Release\D3D11VertexShader.obj
C:\Users\gizmo_000\Downloads\DirectX\DirectX\Release\D3D11VertexShaderPipelineStage.obj
C:\Users\gizmo_000\Downloads\DirectX\DirectX\Release\D3D11View.obj
C:\Users\gizmo_000\Downloads\DirectX\DirectX\Release\Direct3DException.obj
C:\Users\gizmo_000\Downloads\DirectX\DirectX\Release\DirectHelpers.obj
C:\Users\gizmo_000\Downloads\DirectX\DirectX\Release\DirectObject.obj
C:\Users\gizmo_000\Downloads\DirectX\DirectX\Release\DirectUnknown.obj
C:\Users\gizmo_000\Downloads\DirectX\DirectX\Release\DWriteFactory.obj
C:\Users\gizmo_000\Downloads\DirectX\DirectX\Release\DWriteFont.obj
C:\Users\gizmo_000\Downloads\DirectX\DirectX\Release\DWriteFontFace.obj
C:\Users\gizmo_000\Downloads\DirectX\DirectX\Release\DWriteFontFamily.obj
C:\Users\gizmo_000\Downloads\DirectX\DirectX\Release\DWriteFontFamilyCollection.obj
C:\Users\gizmo_000\Downloads\DirectX\DirectX\Release\DWriteInlineObject.obj
C:\Users\gizmo_000\Downloads\DirectX\DirectX\Release\DWriteRenderingParams.obj
C:\Users\gizmo_000\Downloads\DirectX\DirectX\Release\DWriteStructs.obj
C:\Users\gizmo_000\Downloads\DirectX\DirectX\Release\DWriteTextFormat.obj
C:\Users\gizmo_000\Downloads\DirectX\DirectX\Release\DWriteTextLayout.obj
C:\Users\gizmo_000\Downloads\DirectX\DirectX\Release\DWriteTypography.obj
C:\Users\gizmo_000\Downloads\DirectX\DirectX\Release\DWriteUtils.obj
C:\Users\gizmo_000\Downloads\DirectX\DirectX\Release\DXGIAdapter.obj
C:\Users\gizmo_000\Downloads\DirectX\DirectX\Release\DXGIAdapter1.obj
C:\Users\gizmo_000\Downloads\DirectX\DirectX\Release\DXGIDevice.obj
C:\Users\gizmo_000\Downloads\DirectX\DirectX\Release\DXGIDevice1.obj
C:\Users\gizmo_000\Downloads\DirectX\DirectX\Release\DXGIDeviceSubObject.obj
C:\Users\gizmo_000\Downloads\DirectX\DirectX\Release\DXGIException.obj
C:\Users\gizmo_000\Downloads\DirectX\DirectX\Release\DXGIFactory.obj
C:\Users\gizmo_000\Downloads\DirectX\DirectX\Release\DXGIFactory1.obj
C:\Users\gizmo_000\Downloads\DirectX\DirectX\Release\DXGIKeyedMutex.obj
C:\Users\gizmo_000\Downloads\DirectX\DirectX\Release\DXGIObject.obj
C:\Users\gizmo_000\Downloads\DirectX\DirectX\Release\DXGIOutput.obj
C:\Users\gizmo_000\Downloads\DirectX\DirectX\Release\DXGIResource.obj
C:\Users\gizmo_000\Downloads\DirectX\DirectX\Release\DXGIStructs.obj
C:\Users\gizmo_000\Downloads\DirectX\DirectX\Release\DXGISurface.obj
C:\Users\gizmo_000\Downloads\DirectX\DirectX\Release\DXGISurface1.obj
C:\Users\gizmo_000\Downloads\DirectX\DirectX\Release\DXGISwapChain.obj
C:\Users\gizmo_000\Downloads\DirectX\DirectX\Release\GlobalSuppressions.obj
C:\Users\gizmo_000\Downloads\DirectX\DirectX\Release\ICustomInlineObject.obj
C:\Users\gizmo_000\Downloads\DirectX\DirectX\Release\LibraryLoader.obj
C:\Users\gizmo_000\Downloads\DirectX\DirectX\Release\Stdafx.obj
C:\Users\gizmo_000\Downloads\DirectX\DirectX\Release\Validate.obj
C:\Users\gizmo_000\Downloads\DirectX\DirectX\Release\WICBitmap.obj
C:\Users\gizmo_000\Downloads\DirectX\DirectX\Release\WICBitmapDecoder.obj
C:\Users\gizmo_000\Downloads\DirectX\DirectX\Release\WICBitmapFrameDecode.obj
C:\Users\gizmo_000\Downloads\DirectX\DirectX\Release\WICBitmapLock.obj
C:\Users\gizmo_000\Downloads\DirectX\DirectX\Release\WICBitmapSource.obj
C:\Users\gizmo_000\Downloads\DirectX\DirectX\Release\WICFormatConverter.obj
C:\Users\gizmo_000\Downloads\DirectX\DirectX\Release\WICImagingFactory.obj
C:\Users\gizmo_000\Downloads\DirectX\DirectX\Release\WICStreamWrapper.obj
C:\Users\gizmo_000\Downloads\DirectX\DirectX\Release\cl.command.1.tlog
C:\Users\gizmo_000\Downloads\DirectX\DirectX\Release\CL.read.1.tlog
C:\Users\gizmo_000\Downloads\DirectX\DirectX\Release\CL.write.1.tlog
C:\Users\gizmo_000\Downloads\DirectX\DirectX\Release\link-cvtres.read.1.tlog
C:\Users\gizmo_000\Downloads\DirectX\DirectX\Release\link-cvtres.write.1.tlog
C:\Users\gizmo_000\Downloads\DirectX\DirectX\Release\link-rc.read.1.tlog
C:\Users\gizmo_000\Downloads\DirectX\DirectX\Release\link-rc.write.1.tlog
C:\Users\gizmo_000\Downloads\DirectX\DirectX\Release\link.command.1.tlog
C:\Users\gizmo_000\Downloads\DirectX\DirectX\Release\link.read.1.tlog
C:\Users\gizmo_000\Downloads\DirectX\DirectX\Release\link.write.1.tlog
C:\Users\gizmo_000\Downloads\DirectX\DirectX\Release\metagen.read.1.tlog
C:\Users\gizmo_000\Downloads\DirectX\DirectX\Release\metagen.write.1.tlog
C:\Users\gizmo_000\Downloads\DirectX\DirectX\Release\Microsoft.WindowsAPICodePack.DirectX.pch
C:\Users\gizmo_000\Downloads\DirectX\DirectX\Release\vc110.pdb
C:\Users\gizmo_000\Downloads\DirectX\DirectX\Release\TZRES.DLL.bi
C:\Users\gizmo_000\Downloads\DirectX\Release\Microsoft.WindowsAPICodePack.DirectX.pdb
C:\Users\gizmo_000\Downloads\DirectX\Release\Microsoft.WindowsAPICodePack.DirectX.dll
