Build started 6/28/2013 6:08:26 PM.
     1>Project "C:\Users\gizmo_000\Downloads\Windows API Code Pack 1.1\Windows API Code Pack 1.1\source\WindowsAPICodePack\DirectX\DirectX\DirectX.vcxproj" on node 2 (Build target(s)).
     1>ClCompile:
         C:\Program Files (x86)\Microsoft Visual Studio 11.0\VC\bin\CL.exe /c /I\Include /I"C:\Users\gizmo_000\Downloads\Windows API Code Pack 1.1\Windows API Code Pack 1.1\source\WindowsAPICodePack\DirectX\DirectX\\" /AI"C:\Program Files (x86)\Reference Assemblies\Microsoft\Framework\.NETFramework\v4.0" /AI"C:\Program Files (x86)\Windows Kits\8.0\References\CommonConfiguration\Neutral" /Zi /clr /nologo /W4 /WX- /Od /Oy- /D WIN32 /D _DEBUG /D UNICODE /D _UNICODE /D _WINDLL /D _UNICODE /D UNICODE /EHa /MDd /GS /fp:precise /Zc:wchar_t /Zc:forScope /Yu"stdafx.h" /Fp"Debug\Microsoft.WindowsAPICodePack.DirectX.pch" /Fo"Debug\\" /Fd"Debug\vc110.pdb" /doc"Debug\\" /TP /FICodeAnalysis\SourceAnnotations.h /FU"C:\Program Files (x86)\Reference Assemblies\Microsoft\Framework\.NETFramework\v4.0\mscorlib.dll" /FU"C:\Program Files (x86)\Reference Assemblies\Microsoft\Framework\.NETFramework\v4.0\System.Core.dll" /FU"C:\Program Files (x86)\Reference Assemblies\Microsoft\Framework\.NETFramework\v4.0\System.dll" /analyze- /errorReport:prompt /clr:nostdlib Direct3D11\D3D11InputAssemblerPipelineStage.cpp Direct3D11\D3D11InputLayout.cpp Direct3D11\D3D11OutputMergerPipelineStage.cpp Direct3D11\D3D11PipelineStage.cpp Direct3D11\D3D11PixelShader.cpp Direct3D11\D3D11PixelShaderPipelineStage.cpp Direct3D11\D3D11Predicate.cpp Direct3D11\D3D11Query.cpp Direct3D11\D3D11RasterizerPipelineStage.cpp Direct3D11\D3D11RasterizerState.cpp Direct3D11\D3D11RenderTargetView.cpp Direct3D11\D3D11Resource.cpp Direct3D11\D3D11SamplerState.cpp Direct3D11\D3D11ShaderResourceView.cpp Direct3D11\D3D11StreamOutputPipelineStage.cpp Direct3D11\D3D11SwitchToRef.cpp Direct3D11\D3D11Texture1D.cpp Direct3D11\D3D11Texture2D.cpp Direct3D11\D3D11Texture3D.cpp Direct3D11\D3D11UnorderedAccessView.cpp Direct3D11\D3D11VertexShader.cpp Direct3D11\D3D11VertexShaderPipelineStage.cpp Direct3D11\D3D11View.cpp Direct3DCommon\Direct3DException.cpp DirectWrite\DWriteFactory.cpp DirectWrite\DWriteFont.cpp DirectWrite\DWriteFontFace.cpp DirectWrite\DWriteFontFamily.cpp DirectWrite\DWriteFontFamilyCollection.cpp DirectWrite\DWriteInlineObject.cpp DirectWrite\DWriteRenderingParams.cpp DirectWrite\DWriteStructs.cpp DirectWrite\DWriteTextFormat.cpp DirectWrite\DWriteTextLayout.cpp DirectWrite\DWriteTypography.cpp DirectWrite\DWriteUtils.cpp DirectWrite\ICustomInlineObject.cpp WIC\WICBitmap.cpp WIC\WICBitmapDecoder.cpp WIC\WICBitmapFrameDecode.cpp WIC\WICBitmapLock.cpp WIC\WICBitmapSource.cpp WIC\WICFormatConverter.cpp WIC\WICImagingFactory.cpp WIC\WICStreamWrapper.cpp
         D3D11InputAssemblerPipelineStage.cpp
         D3D11InputLayout.cpp
         D3D11OutputMergerPipelineStage.cpp
         D3D11PipelineStage.cpp
         D3D11PixelShader.cpp
         D3D11PixelShaderPipelineStage.cpp
         D3D11Predicate.cpp
         D3D11Query.cpp
         D3D11RasterizerPipelineStage.cpp
         D3D11RasterizerState.cpp
         D3D11RenderTargetView.cpp
         D3D11Resource.cpp
         D3D11SamplerState.cpp
         D3D11ShaderResourceView.cpp
         D3D11StreamOutputPipelineStage.cpp
         D3D11SwitchToRef.cpp
         D3D11Texture1D.cpp
         D3D11Texture2D.cpp
         D3D11Texture3D.cpp
         D3D11UnorderedAccessView.cpp
         Generating Code...
         Compiling...
         D3D11VertexShader.cpp
         D3D11VertexShaderPipelineStage.cpp
         D3D11View.cpp
         Direct3DException.cpp
         DWriteFactory.cpp
         DWriteFont.cpp
         DWriteFontFace.cpp
         DWriteFontFamily.cpp
         DWriteFontFamilyCollection.cpp
         DWriteInlineObject.cpp
         DWriteRenderingParams.cpp
         DWriteStructs.cpp
         DWriteTextFormat.cpp
         DWriteTextLayout.cpp
         DWriteTypography.cpp
         DWriteUtils.cpp
         ICustomInlineObject.cpp
         WICBitmap.cpp
     1>c:\users\gizmo_000\downloads\windows api code pack 1.1\windows api code pack 1.1\source\windowsapicodepack\directx\directx\wic\WICEnums.h(16): warning C4369: 'Read' :  enumerator value '2147483648' cannot be represented as 'int', value is '-2147483648'
         WICBitmapDecoder.cpp
     1>c:\users\gizmo_000\downloads\windows api code pack 1.1\windows api code pack 1.1\source\windowsapicodepack\directx\directx\wic\WICEnums.h(16): warning C4369: 'Read' :  enumerator value '2147483648' cannot be represented as 'int', value is '-2147483648'
         WICBitmapFrameDecode.cpp
     1>c:\users\gizmo_000\downloads\windows api code pack 1.1\windows api code pack 1.1\source\windowsapicodepack\directx\directx\wic\WICEnums.h(16): warning C4369: 'Read' :  enumerator value '2147483648' cannot be represented as 'int', value is '-2147483648'
         Generating Code...
         Compiling...
         WICBitmapLock.cpp
         WICBitmapSource.cpp
     1>c:\users\gizmo_000\downloads\windows api code pack 1.1\windows api code pack 1.1\source\windowsapicodepack\directx\directx\wic\WICEnums.h(16): warning C4369: 'Read' :  enumerator value '2147483648' cannot be represented as 'int', value is '-2147483648'
         WICFormatConverter.cpp
     1>c:\users\gizmo_000\downloads\windows api code pack 1.1\windows api code pack 1.1\source\windowsapicodepack\directx\directx\wic\WICEnums.h(16): warning C4369: 'Read' :  enumerator value '2147483648' cannot be represented as 'int', value is '-2147483648'
         WICImagingFactory.cpp
     1>c:\users\gizmo_000\downloads\windows api code pack 1.1\windows api code pack 1.1\source\windowsapicodepack\directx\directx\wic\WICEnums.h(16): warning C4369: 'Read' :  enumerator value '2147483648' cannot be represented as 'int', value is '-2147483648'
         WICStreamWrapper.cpp
         Generating Code...
         C:\Program Files (x86)\Microsoft Visual Studio 11.0\VC\bin\CL.exe /c /I\Include /I"C:\Users\gizmo_000\Downloads\Windows API Code Pack 1.1\Windows API Code Pack 1.1\source\WindowsAPICodePack\DirectX\DirectX\\" /AI"C:\Program Files (x86)\Reference Assemblies\Microsoft\Framework\.NETFramework\v4.0" /AI"C:\Program Files (x86)\Windows Kits\8.0\References\CommonConfiguration\Neutral" /Zi /clr /nologo /W4 /WX- /Od /Oy- /D WIN32 /D _DEBUG /D UNICODE /D _UNICODE /D _WINDLL /D _UNICODE /D UNICODE /EHa /MDd /GS /fp:precise /Zc:wchar_t /Zc:forScope /Fo"Debug\\" /Fd"Debug\vc110.pdb" /doc"Debug\\" /TP /FICodeAnalysis\SourceAnnotations.h /FU"C:\Program Files (x86)\Reference Assemblies\Microsoft\Framework\.NETFramework\v4.0\mscorlib.dll" /FU"C:\Program Files (x86)\Reference Assemblies\Microsoft\Framework\.NETFramework\v4.0\System.Core.dll" /FU"C:\Program Files (x86)\Reference Assemblies\Microsoft\Framework\.NETFramework\v4.0\System.dll" /analyze- /errorReport:prompt /clr:nostdlib GlobalSuppressions.cpp
         GlobalSuppressions.cpp
         C:\Program Files (x86)\Microsoft Visual Studio 11.0\VC\bin\CL.exe /c /I\Include /I"C:\Users\gizmo_000\Downloads\Windows API Code Pack 1.1\Windows API Code Pack 1.1\source\WindowsAPICodePack\DirectX\DirectX\\" /Zi /clr /nologo /W4 /WX- /Od /Oy- /D WIN32 /D _DEBUG /D UNICODE /D _UNICODE /D _WINDLL /D _UNICODE /D UNICODE /EHa /MDd /GS /fp:precise /Zc:wchar_t /Zc:forScope /Fo"Debug\\" /Fd"Debug\vc110.pdb" /doc"Debug\\" /TP /FICodeAnalysis\SourceAnnotations.h /analyze- /errorReport:prompt "C:\Users\gizmo_000\AppData\Local\Temp\.NETFramework,Version=v4.0.AssemblyAttributes.cpp"
         .NETFramework,Version=v4.0.AssemblyAttributes.cpp
       Link:
         C:\Program Files (x86)\Microsoft Visual Studio 11.0\VC\bin\link.exe /ERRORREPORT:PROMPT /OUT:"C:\Users\gizmo_000\Downloads\Windows API Code Pack 1.1\Windows API Code Pack 1.1\source\WindowsAPICodePack\DirectX\Debug\Microsoft.WindowsAPICodePack.DirectX.dll" /INCREMENTAL /NOLOGO /LIBPATH:\Lib\x86 Gdi32.lib User32.lib /MANIFEST /MANIFESTUAC:"level='asInvoker' uiAccess='false'" /manifest:embed /DEBUG /PDB:"C:\Users\gizmo_000\Downloads\Windows API Code Pack 1.1\Windows API Code Pack 1.1\source\WindowsAPICodePack\DirectX\Debug\Microsoft.WindowsAPICodePack.DirectX.pdb" /ASSEMBLYDEBUG /TLBID:1 /DYNAMICBASE /FIXED:NO /NXCOMPAT /MACHINE:X86 /SAFESEH /DLL Debug\AssemblyInfo.obj
         Debug\GlobalSuppressions.obj
         Debug\Stdafx.obj
         Debug\DXGIAdapter.obj
         Debug\DXGIAdapter1.obj
         Debug\DXGIDevice.obj
         Debug\DXGIDevice1.obj
         Debug\DXGIDeviceSubObject.obj
         Debug\DXGIException.obj
         Debug\DXGIFactory.obj
         Debug\DXGIFactory1.obj
         Debug\DXGIKeyedMutex.obj
         Debug\DXGIObject.obj
         Debug\DXGIOutput.obj
         Debug\DXGIResource.obj
         Debug\DXGIStructs.obj
         Debug\DXGISurface.obj
         Debug\DXGISurface1.obj
         Debug\DXGISwapChain.obj
         Debug\AutoIUnknown.obj
         Debug\AutoPointer.obj
         Debug\CommonUtils.obj
         Debug\Convert.obj
         Debug\DirectHelpers.obj
         Debug\DirectObject.obj
         Debug\DirectUnknown.obj
         Debug\LibraryLoader.obj
         Debug\Validate.obj
         Debug\D3D10Structs.obj
         Debug\D3D10Asynchronous.obj
         Debug\D3D10BlendState.obj
         Debug\D3D10BlendState1.obj
         Debug\D3D10Blob.obj
         Debug\D3D10Counter.obj
         Debug\D3D10Debug.obj
         Debug\D3D10DepthStencilState.obj
         Debug\D3D10Device.obj
         Debug\D3D10Device1.obj
         Debug\D3D10DeviceChild.obj
         Debug\D3D10Include.obj
         Debug\D3D10InfoQueue.obj
         Debug\D3D10InputLayout.obj
         Debug\D3D10Multithread.obj
         Debug\D3D10Predicate.obj
         Debug\D3D10Query.obj
         Debug\D3D10RasterizerState.obj
         Debug\D3D10SamplerState.obj
         Debug\D3D10StateBlock.obj
         Debug\D3D10StateBlockMask.obj
         Debug\D3D10SwitchToRef.obj
         Debug\D3D10GeometryShaderPipelineStage.obj
         Debug\D3D10InputAssemblerPipelineStage.obj
         Debug\D3D10OutputMergerPipelineStage.obj
         Debug\D3D10PipelineStage.obj
         Debug\D3D10PixelShaderPipelineStage.obj
         Debug\D3D10RasterizerPipelineStage.obj
         Debug\D3D10StreamOutputPipelineStage.obj
         Debug\D3D10VertexShaderPipelineStage.obj
         Debug\D3D10Buffer.obj
         Debug\D3D10DepthStencilView.obj
         Debug\D3D10RenderTargetView.obj
         Debug\D3D10Resource.obj
         Debug\D3D10ShaderResourceView.obj
         Debug\D3D10ShaderResourceView1.obj
         Debug\D3D10Texture1D.obj
         Debug\D3D10Texture2D.obj
         Debug\D3D10Texture3D.obj
         Debug\D3D10View.obj
         Debug\D3D10GeometryShader.obj
         Debug\D3D10PixelShader.obj
         Debug\D3D10ShaderReflection.obj
         Debug\D3D10ShaderReflection1.obj
         Debug\D3D10ShaderReflectionConstantBuffer.obj
         Debug\D3D10ShaderReflectionType.obj
         Debug\D3D10ShaderReflectionVariable.obj
         Debug\D3D10VertexShader.obj
         Debug\D3D10Effect.obj
         Debug\D3D10EffectBlendVariable.obj
         Debug\D3D10EffectConstantBuffer.obj
         Debug\D3D10EffectDepthStencilVariable.obj
         Debug\D3D10EffectDepthStencilViewVariable.obj
         Debug\D3D10EffectMatrixVariable.obj
         Debug\D3D10EffectPass.obj
         Debug\D3D10EffectPool.obj
         Debug\D3D10EffectRasterizerVariable.obj
         Debug\D3D10EffectRenderTargetViewVariable.obj
         Debug\D3D10EffectSamplerVariable.obj
         Debug\D3D10EffectScalarVariable.obj
         Debug\D3D10EffectShaderResourceVariable.obj
         Debug\D3D10EffectShaderVariable.obj
         Debug\D3D10EffectStringVariable.obj
         Debug\D3D10EffectTechnique.obj
         Debug\D3D10EffectType.obj
         Debug\D3D10EffectVariable.obj
         Debug\D3D10EffectVectorVariable.obj
         Debug\D3D11Asynchronous.obj
         Debug\D3D11BlendState.obj
         Debug\D3D11CommandList.obj
         Debug\D3D11Counter.obj
         Debug\D3D11DepthStencilState.obj
         Debug\D3D11Device.obj
         Debug\D3D11DeviceChild.obj
         Debug\D3D11DeviceContext.obj
         Debug\D3D11InputLayout.obj
         Debug\D3D11Predicate.obj
         Debug\D3D11Query.obj
         Debug\D3D11RasterizerState.obj
         Debug\D3D11SamplerState.obj
         Debug\D3D11ComputeShaderPipelineStage.obj
         Debug\D3D11DomainShaderPipelineStage.obj
         Debug\D3D11GeometryShaderPipelineStage.obj
         Debug\D3D11HullShaderPipelineStage.obj
         Debug\D3D11InputAssemblerPipelineStage.obj
         Debug\D3D11OutputMergerPipelineStage.obj
         Debug\D3D11PipelineStage.obj
         Debug\D3D11PixelShaderPipelineStage.obj
         Debug\D3D11RasterizerPipelineStage.obj
         Debug\D3D11StreamOutputPipelineStage.obj
         Debug\D3D11VertexShaderPipelineStage.obj
         Debug\D3D11Debug.obj
         Debug\D3D11InfoQueue.obj
         Debug\D3D11SwitchToRef.obj
         Debug\D3D11ClassInstance.obj
         Debug\D3D11ClassLinkage.obj
         Debug\D3D11ComputeShader.obj
         Debug\D3D11DomainShader.obj
         Debug\D3D11GeometryShader.obj
         Debug\D3D11HullShader.obj
         Debug\D3D11PixelShader.obj
         Debug\D3D11VertexShader.obj
         Debug\D3D11Buffer.obj
         Debug\D3D11DepthStencilView.obj
         Debug\D3D11RenderTargetView.obj
         Debug\D3D11Resource.obj
         Debug\D3D11ShaderResourceView.obj
         Debug\D3D11Texture1D.obj
         Debug\D3D11Texture2D.obj
         Debug\D3D11Texture3D.obj
         Debug\D3D11UnorderedAccessView.obj
         Debug\D3D11View.obj
         Debug\D2DCustom.obj
         Debug\D2DGeometrySink.obj
         Debug\D2DInterfaces.obj
         Debug\D2DStructs.obj
         Debug\D2DTessellationSink.obj
         Debug\WICBitmap.obj
         Debug\WICBitmapDecoder.obj
         Debug\WICBitmapFrameDecode.obj
         Debug\WICBitmapLock.obj
         Debug\WICBitmapSource.obj
         Debug\WICFormatConverter.obj
         Debug\WICImagingFactory.obj
         Debug\WICStreamWrapper.obj
         Debug\DWriteFactory.obj
         Debug\DWriteFont.obj
         Debug\DWriteFontFace.obj
         Debug\DWriteFontFamily.obj
         Debug\DWriteFontFamilyCollection.obj
         Debug\DWriteInlineObject.obj
         Debug\DWriteRenderingParams.obj
         Debug\DWriteStructs.obj
         Debug\DWriteTextFormat.obj
         Debug\DWriteTextLayout.obj
         Debug\DWriteTypography.obj
         Debug\DWriteUtils.obj
         Debug\ICustomInlineObject.obj
         Debug\Direct3DException.obj
         "Debug\.NETFramework,Version=v4.0.AssemblyAttributes.obj"
         DirectX.vcxproj -> C:\Users\gizmo_000\Downloads\Windows API Code Pack 1.1\Windows API Code Pack 1.1\source\WindowsAPICodePack\DirectX\Debug\Microsoft.WindowsAPICodePack.DirectX.dll
       XdcMake:
         C:\Program Files (x86)\Microsoft Visual Studio 11.0\VC\bin\xdcmake.exe /old "Microsoft.WindowsAPICodePack.DirectX" /nologo /Fo"C:\Users\gizmo_000\Downloads\Windows API Code Pack 1.1\Windows API Code Pack 1.1\source\WindowsAPICodePack\DirectX\Debug\Microsoft.WindowsAPICodePack.DirectX.xml" /FsDebug\AssemblyInfo.xdc /FsDebug\GlobalSuppressions.xdc /FsDebug\Stdafx.xdc /FsDebug\DXGIAdapter.xdc /FsDebug\DXGIAdapter1.xdc /FsDebug\DXGIDevice.xdc /FsDebug\DXGIDevice1.xdc /FsDebug\DXGIDeviceSubObject.xdc /FsDebug\DXGIException.xdc /FsDebug\DXGIFactory.xdc /FsDebug\DXGIFactory1.xdc /FsDebug\DXGIKeyedMutex.xdc /FsDebug\DXGIObject.xdc /FsDebug\DXGIOutput.xdc /FsDebug\DXGIResource.xdc /FsDebug\DXGIStructs.xdc /FsDebug\DXGISurface.xdc /FsDebug\DXGISurface1.xdc /FsDebug\DXGISwapChain.xdc /FsDebug\AutoIUnknown.xdc /FsDebug\AutoPointer.xdc /FsDebug\CommonUtils.xdc /FsDebug\Convert.xdc /FsDebug\DirectHelpers.xdc /FsDebug\DirectObject.xdc /FsDebug\DirectUnknown.xdc /FsDebug\LibraryLoader.xdc /FsDebug\Validate.xdc /FsDebug\D3D10Structs.xdc /FsDebug\D3D10Asynchronous.xdc /FsDebug\D3D10BlendState.xdc /FsDebug\D3D10BlendState1.xdc /FsDebug\D3D10Blob.xdc /FsDebug\D3D10Counter.xdc /FsDebug\D3D10Debug.xdc /FsDebug\D3D10DepthStencilState.xdc /FsDebug\D3D10Device.xdc /FsDebug\D3D10Device1.xdc /FsDebug\D3D10DeviceChild.xdc /FsDebug\D3D10Include.xdc /FsDebug\D3D10InfoQueue.xdc /FsDebug\D3D10InputLayout.xdc /FsDebug\D3D10Multithread.xdc /FsDebug\D3D10Predicate.xdc /FsDebug\D3D10Query.xdc /FsDebug\D3D10RasterizerState.xdc /FsDebug\D3D10SamplerState.xdc /FsDebug\D3D10StateBlock.xdc /FsDebug\D3D10StateBlockMask.xdc /FsDebug\D3D10SwitchToRef.xdc /FsDebug\D3D10GeometryShaderPipelineStage.xdc /FsDebug\D3D10InputAssemblerPipelineStage.xdc /FsDebug\D3D10OutputMergerPipelineStage.xdc /FsDebug\D3D10PipelineStage.xdc /FsDebug\D3D10PixelShaderPipelineStage.xdc /FsDebug\D3D10RasterizerPipelineStage.xdc /FsDebug\D3D10StreamOutputPipelineStage.xdc /FsDebug\D3D10VertexShaderPipelineStage.xdc /FsDebug\D3D10Buffer.xdc /FsDebug\D3D10DepthStencilView.xdc /FsDebug\D3D10RenderTargetView.xdc /FsDebug\D3D10Resource.xdc /FsDebug\D3D10ShaderResourceView.xdc /FsDebug\D3D10ShaderResourceView1.xdc /FsDebug\D3D10Texture1D.xdc /FsDebug\D3D10Texture2D.xdc /FsDebug\D3D10Texture3D.xdc /FsDebug\D3D10View.xdc /FsDebug\D3D10GeometryShader.xdc /FsDebug\D3D10PixelShader.xdc /FsDebug\D3D10ShaderReflection.xdc /FsDebug\D3D10ShaderReflection1.xdc /FsDebug\D3D10ShaderReflectionConstantBuffer.xdc /FsDebug\D3D10ShaderReflectionType.xdc /FsDebug\D3D10ShaderReflectionVariable.xdc /FsDebug\D3D10VertexShader.xdc /FsDebug\D3D10Effect.xdc /FsDebug\D3D10EffectBlendVariable.xdc /FsDebug\D3D10EffectConstantBuffer.xdc /FsDebug\D3D10EffectDepthStencilVariable.xdc /FsDebug\D3D10EffectDepthStencilViewVariable.xdc /FsDebug\D3D10EffectMatrixVariable.xdc /FsDebug\D3D10EffectPass.xdc /FsDebug\D3D10EffectPool.xdc /FsDebug\D3D10EffectRasterizerVariable.xdc /FsDebug\D3D10EffectRenderTargetViewVariable.xdc /FsDebug\D3D10EffectSamplerVariable.xdc /FsDebug\D3D10EffectScalarVariable.xdc /FsDebug\D3D10EffectShaderResourceVariable.xdc /FsDebug\D3D10EffectShaderVariable.xdc /FsDebug\D3D10EffectStringVariable.xdc /FsDebug\D3D10EffectTechnique.xdc /FsDebug\D3D10EffectType.xdc /FsDebug\D3D10EffectVariable.xdc /FsDebug\D3D10EffectVectorVariable.xdc /FsDebug\D3D11Asynchronous.xdc /FsDebug\D3D11BlendState.xdc /FsDebug\D3D11CommandList.xdc /FsDebug\D3D11Counter.xdc /FsDebug\D3D11DepthStencilState.xdc /FsDebug\D3D11Device.xdc /FsDebug\D3D11DeviceChild.xdc /FsDebug\D3D11DeviceContext.xdc /FsDebug\D3D11InputLayout.xdc /FsDebug\D3D11Predicate.xdc /FsDebug\D3D11Query.xdc /FsDebug\D3D11RasterizerState.xdc /FsDebug\D3D11SamplerState.xdc /FsDebug\D3D11ComputeShaderPipelineStage.xdc /FsDebug\D3D11DomainShaderPipelineStage.xdc /FsDebug\D3D11GeometryShaderPipelineStage.xdc /FsDebug\D3D11HullShaderPipelineStage.xdc /FsDebug\D3D11InputAssemblerPipelineStage.xdc /FsDebug\D3D11OutputMergerPipelineStage.xdc /FsDebug\D3D11PipelineStage.xdc /FsDebug\D3D11PixelShaderPipelineStage.xdc /FsDebug\D3D11RasterizerPipelineStage.xdc /FsDebug\D3D11StreamOutputPipelineStage.xdc /FsDebug\D3D11VertexShaderPipelineStage.xdc /FsDebug\D3D11Debug.xdc /FsDebug\D3D11InfoQueue.xdc /FsDebug\D3D11SwitchToRef.xdc /FsDebug\D3D11ClassInstance.xdc /FsDebug\D3D11ClassLinkage.xdc /FsDebug\D3D11ComputeShader.xdc /FsDebug\D3D11DomainShader.xdc /FsDebug\D3D11GeometryShader.xdc /FsDebug\D3D11HullShader.xdc /FsDebug\D3D11PixelShader.xdc /FsDebug\D3D11VertexShader.xdc /FsDebug\D3D11Buffer.xdc /FsDebug\D3D11DepthStencilView.xdc /FsDebug\D3D11RenderTargetView.xdc /FsDebug\D3D11Resource.xdc /FsDebug\D3D11ShaderResourceView.xdc /FsDebug\D3D11Texture1D.xdc /FsDebug\D3D11Texture2D.xdc /FsDebug\D3D11Texture3D.xdc /FsDebug\D3D11UnorderedAccessView.xdc /FsDebug\D3D11View.xdc /FsDebug\D2DCustom.xdc /FsDebug\D2DGeometrySink.xdc /FsDebug\D2DInterfaces.xdc /FsDebug\D2DStructs.xdc /FsDebug\D2DTessellationSink.xdc /FsDebug\WICBitmap.xdc /FsDebug\WICBitmapDecoder.xdc /FsDebug\WICBitmapFrameDecode.xdc /FsDebug\WICBitmapLock.xdc /FsDebug\WICBitmapSource.xdc /FsDebug\WICFormatConverter.xdc /FsDebug\WICImagingFactory.xdc /FsDebug\WICStreamWrapper.xdc /FsDebug\DWriteFactory.xdc /FsDebug\DWriteFont.xdc /FsDebug\DWriteFontFace.xdc /FsDebug\DWriteFontFamily.xdc /FsDebug\DWriteFontFamilyCollection.xdc /FsDebug\DWriteInlineObject.xdc /FsDebug\DWriteRenderingParams.xdc /FsDebug\DWriteStructs.xdc /FsDebug\DWriteTextFormat.xdc /FsDebug\DWriteTextLayout.xdc /FsDebug\DWriteTypography.xdc /FsDebug\DWriteUtils.xdc /FsDebug\ICustomInlineObject.xdc /FsDebug\Direct3DException.xdc /Fs"Debug\.NETFramework,Version=v4.0.AssemblyAttributes.xdc"
     1>Done Building Project "C:\Users\gizmo_000\Downloads\Windows API Code Pack 1.1\Windows API Code Pack 1.1\source\WindowsAPICodePack\DirectX\DirectX\DirectX.vcxproj" (Build target(s)).

Build succeeded.

Time Elapsed 00:00:49.54
